C51 COMPILER V9.60.0.0   SEND_DATA_IN_LOOP                                                 04/21/2020 00:02:50 PAGE 1   


C51 COMPILER V9.60.0.0, COMPILATION OF MODULE SEND_DATA_IN_LOOP
OBJECT MODULE PLACED IN .\Objects\Send_data_in_loop.obj
COMPILER INVOKED BY: C:\Keil_v5\C51\BIN\C51.EXE Send_data_in_loop.c OPTIMIZE(8,SPEED) BROWSE DEBUG OBJECTEXTEND PRINT(.\
                    -Listings\Send_data_in_loop.lst) TABS(2) OBJECT(.\Objects\Send_data_in_loop.obj)

line level    source

   1          #include <REGX51.H>
   2          void delay(unsigned int x);
   3          void main()
   4          {
   5   1      unsigned char z;
   6   1        for (z=0;z<=255;z++)
   7   1        {
   8   2          P1=z;
   9   2          delay(100);
  10   2        }
  11   1        
  12   1      }
  13          
  14          void delay(unsigned int x)
  15          {
  16   1        unsigned int x;
*** ERROR C231 IN LINE 16 OF Send_data_in_loop.c: 'x': redefinition
  17   1        for(x=0;x<=1000;x++);
  18   1      }
  19          

C51 COMPILATION COMPLETE.  0 WARNING(S),  1 ERROR(S)
